<?xml version="1.0" encoding="UTF-8"?>
<!-- Generated by org.testng.reporters.JUnitReportReporter -->
<testsuite skipped="0" hostname="DDS" name="Tests.LoginTest" tests="1" failures="0" timestamp="23 Mar 2020 16:16:23 GMT" time="20.511" errors="0">
  <testcase name="testLogin" time="20.511" classname="Tests.LoginTest"/>
</testsuite> <!-- Tests.LoginTest -->
